<?xml version="1.0" encoding="utf-8"?><testsuites name="pytest tests"><testsuite name="pytest" errors="0" failures="0" skipped="3" tests="79" time="44.944" timestamp="2026-08-09T03:35:13.796227+05:30" hostname="cstar"><testcase classname="tests.test_asset_registry" name="test_asset_registry_loading" time="0.013" /><testcase classname="tests.test_asset_registry" name="test_asset_disk_verification" time="0.012" /><testcase classname="tests.test_asset_registry" name="test_asset_filtering" time="0.012" /><testcase classname="tests.test_benchmark" name="test_01_task2_gripper_closes_before_weld" time="1.590" /><testcase classname="tests.test_benchmark" name="test_02_task2_weld_before_closure_injection_fails" time="0.001" /><testcase classname="tests.test_benchmark" name="test_03_task2_closure_settling_frames_exist" time="1.406" /><testcase classname="tests.test_benchmark" name="test_04_10_compositional_split_factor_rules" time="0.002" /><testcase classname="tests.test_benchmark" name="test_11_14_mask_mismatch_fails_reproducibility" time="2.314" /><testcase classname="tests.test_benchmark" name="test_15_18_positive_control_geometric_distinction" time="2.335" /><testcase classname="tests.test_benchmark" name="test_19_21_control_annotation_files" time="0.577" /><testcase classname="tests.test_benchmark" name="test_22_23_multi_object_control_mask_coverage" time="1.272" /><testcase classname="tests.test_benchmark" name="test_24_26_demonstration_report_metrics" time="2.620" /><testcase classname="tests.test_benchmark" name="test_27_28_rotated_task1_pair_generation" time="1.188" /><testcase classname="tests.test_benchmark" name="test_29_31_rotated_task2_pair_and_demo" time="2.580" /><testcase classname="tests.test_benchmark" name="test_32_35_missing_elements_raise_errors" time="0.217" /><testcase classname="tests.test_benchmark" name="test_36_readme_pilot_command_references_shell_script" time="0.000" /><testcase classname="tests.test_benchmark" name="test_37_reproducibility_status_cannot_pass_with_nonzero_mismatch" time="0.000" /><testcase classname="tests.test_benchmark" name="test_38_40_release_verification_state" time="0.019" /><testcase classname="tests.test_benchmark" name="test_smoke_cleanup_does_not_delete_pilot_data" time="0.004" /><testcase classname="tests.test_context_challenge" name="test_context_challenge_rgb_invariant" time="0.001"><skipped type="pytest.skip" message="Context challenge dataset not generated yet.">/home/projects/long-horizon/infeasibiilty-latent/tests/test_context_challenge.py:16: Context challenge dataset not generated yet.</skipped></testcase><testcase classname="tests.test_context_challenge" name="test_context_challenge_counts_and_demos" time="0.000"><skipped type="pytest.skip" message="Context challenge dataset not generated yet.">/home/projects/long-horizon/infeasibiilty-latent/tests/test_context_challenge.py:60: Context challenge dataset not generated yet.</skipped></testcase><testcase classname="tests.test_context_challenge" name="test_causal_mask_and_occupancy" time="0.000"><skipped type="pytest.skip" message="Context challenge dataset not generated yet.">/home/projects/long-horizon/infeasibiilty-latent/tests/test_context_challenge.py:88: Context challenge dataset not generated yet.</skipped></testcase><testcase classname="tests.test_counterfactual_pairs" name="test_counterfactual_pair_generation" time="2.078" /><testcase classname="tests.test_egocentric_rigs" name="test_01_task1_demo_and_query_share_rig_id" time="0.000" /><testcase classname="tests.test_egocentric_rigs" name="test_02_task1_demo_query_camera_extrinsics_match" time="0.563" /><testcase classname="tests.test_egocentric_rigs" name="test_03_task2_demo_query_camera_extrinsics_match" time="0.590" /><testcase classname="tests.test_egocentric_rigs" name="test_04_task1_lid_handle_visible" time="0.334" /><testcase classname="tests.test_egocentric_rigs" name="test_05_task2_pick_and_target_visible" time="0.327" /><testcase classname="tests.test_egocentric_rigs" name="test_06_camera_target_near_centre" time="0.292" /><testcase classname="tests.test_egocentric_rigs" name="test_07_torso_fraction_below_threshold" time="0.291" /><testcase classname="tests.test_egocentric_rigs" name="test_08_bad_pantilt_fails_validation" time="0.316" /><testcase classname="tests.test_egocentric_rigs" name="test_09_camera_calibration_files_exist" time="0.000" /><testcase classname="tests.test_egocentric_rigs" name="test_10_production_task1_matched_pair" time="1.121" /><testcase classname="tests.test_egocentric_rigs" name="test_11_production_task2_matched_pair" time="1.233" /><testcase classname="tests.test_egocentric_rigs" name="test_12_positive_controls_record_actual_camera_params" time="1.251" /><testcase classname="tests.test_egocentric_rigs" name="test_13_metadata_regression_no_front_camera" time="1.120" /><testcase classname="tests.test_egocentric_rigs" name="test_14_camera_invariant_failure_raises_value_error" time="0.297" /><testcase classname="tests.test_egocentric_rigs" name="test_15_view_quality_production_validation" time="2.281" /><testcase classname="tests.test_final_release_regressions" name="test_a_real_task1_demonstration" time="0.867" /><testcase classname="tests.test_final_release_regressions" name="test_b_real_task2_demonstration" time="1.276" /><testcase classname="tests.test_final_release_regressions" name="test_c_per_instance_task1_visibility" time="1.093" /><testcase classname="tests.test_final_release_regressions" name="test_d_per_instance_task2_visibility" time="1.063" /><testcase classname="tests.test_final_release_regressions" name="test_e_real_gso_generation" time="1.053" /><testcase classname="tests.test_final_release_regressions" name="test_f_split_gso_participation" time="0.002" /><testcase classname="tests.test_final_release_regressions" name="test_g_no_stale_camera_metadata" time="1.931" /><testcase classname="tests.test_final_release_regressions" name="test_h_no_duplicate_visible_asset_geoms" time="0.149" /><testcase classname="tests.test_learning" name="test_deterministic_demo_assignment" time="0.001" /><testcase classname="tests.test_learning" name="test_dataset_no_silent_fallback" time="0.004" /><testcase classname="tests.test_learning" name="test_ranking_loss_prefers_proceed" time="0.006" /><testcase classname="tests.test_learning" name="test_pla_correctness" time="0.007" /><testcase classname="tests.test_learning" name="test_relational_forward_shapes" time="0.029" /><testcase classname="tests.test_learning" name="test_heatmap_metrics" time="0.004" /><testcase classname="tests.test_learning_correctness" name="test_split_seed_isolation" time="0.002" /><testcase classname="tests.test_learning_correctness" name="test_pair_sampler_determinism" time="0.001" /><testcase classname="tests.test_learning_models" name="test_query_only" time="0.002" /><testcase classname="tests.test_learning_models" name="test_pooled_multimodal" time="0.067" /><testcase classname="tests.test_learning_models" name="test_relational_model" time="0.051" /><testcase classname="tests.test_learning_models" name="test_heatmap_decoder" time="0.012" /><testcase classname="tests.test_lid_occupancy" name="test_lid_occupancy_predicates" time="0.378" /><testcase classname="tests.test_milestone2_fixes" name="test_generator_bounded_retry" time="2.165" /><testcase classname="tests.test_milestone2_fixes" name="test_seed_isolation_dataset" time="0.002" /><testcase classname="tests.test_milestone2_fixes" name="test_sampler_seed_determinism" time="0.001" /><testcase classname="tests.test_milestone2_fixes" name="test_generic_text_diagnostic_failure" time="0.000" /><testcase classname="tests.test_milestone2_fixes" name="test_bootstrap_determinism_and_logic" time="0.020" /><testcase classname="tests.test_milestone2_fixes" name="test_evaluator_metrics" time="0.001" /><testcase classname="tests.test_seed_reproducibility" name="test_seed_reproducibility" time="0.533" /><testcase classname="tests.test_target_occupancy" name="test_target_occupancy_predicates" time="0.287" /><testcase classname="tests.test_ycb_gso_rendering" name="test_10_ycb_reference_asset_loads_and_renders" time="0.328" /><testcase classname="tests.test_ycb_gso_rendering" name="test_11_gso_reference_asset_loads_and_renders" time="0.303" /><testcase classname="tests.test_ycb_gso_rendering" name="test_12_mesh_files_non_empty" time="0.001" /><testcase classname="tests.test_ycb_gso_rendering" name="test_13_texture_files_decode_correctly" time="0.049" /><testcase classname="tests.test_ycb_gso_rendering" name="test_14_collision_proxy_settles_stably" time="0.146" /><testcase classname="tests.test_ycb_gso_rendering" name="test_15_collision_proxy_invisible_in_rgb_seg" time="0.296" /><testcase classname="tests.test_ycb_gso_rendering" name="test_16_scene_builder_uses_registry_assets" time="0.160" /><testcase classname="tests.test_ycb_gso_rendering" name="test_17_missing_registered_asset_fails" time="0.013" /><testcase classname="tests.test_ycb_gso_rendering" name="test_18_multigeom_candidate_mask_covers_full_object" time="0.310" /><testcase classname="tests.test_ycb_gso_rendering" name="test_19_exact_asset_id_and_texture_regenerate" time="0.012" /><testcase classname="tests.test_ycb_gso_rendering" name="test_20_task_pair_with_ycb_asset_passes" time="1.141" /><testcase classname="tests.test_ycb_gso_rendering" name="test_21_task_pair_with_gso_asset_passes" time="1.168" /></testsuite></testsuites>